<?xml version="1.0" encoding="UTF-8"?>
<!-- Generated by org.testng.reporters.JUnitXMLReporter -->
<testsuite ignored="1" hostname="DESKTOP-HIQ2IVV" failures="0" tests="1" name="Default test" time="11.587" errors="0" timestamp="2025-03-13T12:41:01 IST">
  <testcase classname="com.orangehrm.tests.LogoutTest" name="verifyAdminPanelDisplay" time="7.182"/>
  <testcase classname="com.orangehrm.tests.LogoutTest" name="testLogout" time="0.0">
    <ignored/>
  </testcase> <!-- testLogout -->
</testsuite> <!-- Default test -->
