<?xml version="1.0" encoding="UTF-8"?>
<!-- Generated by org.testng.reporters.JUnitXMLReporter -->
<testsuite ignored="2" hostname="DESKTOP-HIQ2IVV" failures="0" tests="1" name="Default test" time="8.76" errors="0" timestamp="2025-03-12T18:56:26 IST">
  <testcase classname="com.orangehrm.tests.LoginTest" name="testValidLogin" time="4.772"/>
  <testcase classname="com.orangehrm.tests.LoginTest" name="verifyForgetYourPassword" time="0.0">
    <ignored/>
  </testcase> <!-- verifyForgetYourPassword -->
  <testcase classname="com.orangehrm.tests.LoginTest" name="testInvalidLogin" time="0.0">
    <ignored/>
  </testcase> <!-- testInvalidLogin -->
</testsuite> <!-- Default test -->
