<?xml version="1.0" encoding="UTF-8"?>
<!-- Generated by org.testng.reporters.JUnitXMLReporter -->
<testsuite ignored="0" hostname="DESKTOP-HIQ2IVV" failures="2" tests="10" name="Test" time="78.555" errors="0" timestamp="2025-03-13T12:47:33 IST">
  <testcase classname="com.orangehrm.tests.LoginTest" name="testDashboardAccessibility" time="3.653">
    <skipped/>
  </testcase> <!-- testDashboardAccessibility -->
  <testcase classname="com.orangehrm.tests.LoginTest" name="testDashboardAccessibility" time="3.173">
    <skipped/>
  </testcase> <!-- testDashboardAccessibility -->
  <testcase classname="com.orangehrm.tests.LoginTest" name="testDashboardAccessibility" time="3.423">
    <failure type="java.lang.AssertionError" message="expected [true] but found [false]">
      <![CDATA[java.lang.AssertionError: expected [true] but found [false]
at com.orangehrm.tests.LoginTest.testDashboardAccessibility(LoginTest.java:46)
at java.base/java.util.ArrayList.forEach(ArrayList.java:1596)
... Removed 29 stack frames]]>
    </failure>
  </testcase> <!-- testDashboardAccessibility -->
  <testcase classname="com.orangehrm.tests.LoginTest" name="testForgetPasswordLinkDisplay" time="0.598"/>
  <testcase classname="com.orangehrm.tests.LoginTest" name="testInvalidLogin" time="2.353"/>
  <testcase classname="com.orangehrm.tests.LoginTest" name="testValidLogin" time="3.189">
    <skipped/>
  </testcase> <!-- testValidLogin -->
  <testcase classname="com.orangehrm.tests.LoginTest" name="testValidLogin" time="3.636">
    <skipped/>
  </testcase> <!-- testValidLogin -->
  <testcase classname="com.orangehrm.tests.LoginTest" name="testValidLogin" time="3.194">
    <failure type="java.lang.AssertionError" message="expected [true] but found [false]">
      <![CDATA[java.lang.AssertionError: expected [true] but found [false]
at com.orangehrm.tests.LoginTest.testValidLogin(LoginTest.java:19)
at java.base/java.util.ArrayList.forEach(ArrayList.java:1596)
... Removed 29 stack frames]]>
    </failure>
  </testcase> <!-- testValidLogin -->
  <testcase classname="com.orangehrm.tests.LogoutTest" name="testLogout" time="5.881"/>
  <testcase classname="com.orangehrm.tests.LogoutTest" name="verifyAdminPanelDisplay" time="6.856"/>
</testsuite> <!-- Test -->
