<?xml version="1.0" encoding="UTF-8"?>
<!-- Generated by org.testng.reporters.JUnitXMLReporter -->
<testsuite ignored="0" hostname="DESKTOP-HIQ2IVV" failures="1" tests="5" name="Test" time="86.598" errors="0" timestamp="2025-03-12T23:29:34 IST">
  <testcase classname="com.orangehrm.tests.LoginTest" name="testInvalidLogin" time="3.73"/>
  <testcase classname="com.orangehrm.tests.LoginTest" name="testValidLogin" time="13.25">
    <skipped/>
  </testcase> <!-- testValidLogin -->
  <testcase classname="com.orangehrm.tests.LoginTest" name="testValidLogin" time="3.842">
    <skipped/>
  </testcase> <!-- testValidLogin -->
  <testcase classname="com.orangehrm.tests.LoginTest" name="testValidLogin" time="3.719">
    <failure type="java.lang.AssertionError" message="expected [true] but found [false]">
      <![CDATA[java.lang.AssertionError: expected [true] but found [false]
at com.orangehrm.tests.LoginTest.testValidLogin(LoginTest.java:19)
at java.base/java.util.ArrayList.forEach(ArrayList.java:1596)
... Removed 29 stack frames]]>
    </failure>
  </testcase> <!-- testValidLogin -->
  <testcase classname="com.orangehrm.tests.LoginTest" name="verifyForgetYourPassword" time="0.589"/>
</testsuite> <!-- Test -->
