<?xml version="1.0" encoding="UTF-8"?>
<!-- Generated by org.testng.reporters.JUnitXMLReporter -->
<testsuite ignored="0" hostname="DESKTOP-HIQ2IVV" failures="0" tests="7" name="Test" time="218.822" errors="0" timestamp="2025-03-13T15:50:43 IST">
  <testcase classname="com.orangehrm.tests.LoginTest" name="testDashboardAccessibility" time="17.157">
    <skipped/>
  </testcase> <!-- testDashboardAccessibility -->
  <testcase classname="com.orangehrm.tests.LoginTest" name="testDashboardAccessibility" time="7.011"/>
  <testcase classname="com.orangehrm.tests.LoginTest" name="testForgetPasswordLinkDisplay" time="5.356"/>
  <testcase classname="com.orangehrm.tests.LoginTest" name="testInvalidLogin" time="5.878"/>
  <testcase classname="com.orangehrm.tests.LoginTest" name="testValidLogin" time="5.511"/>
  <testcase classname="com.orangehrm.tests.LogoutTest" name="testLogout" time="9.989"/>
  <testcase classname="com.orangehrm.tests.LogoutTest" name="verifyAdminPanelDisplay" time="8.284"/>
</testsuite> <!-- Test -->
