<?xml version="1.0" encoding="UTF-8"?>
<!-- Generated by org.testng.reporters.JUnitXMLReporter -->
<testsuite ignored="2" hostname="DESKTOP-HIQ2IVV" failures="0" tests="2" name="Test(failed)" time="17.651" errors="0" timestamp="2025-03-13T12:51:05 IST">
  <testcase classname="com.orangehrm.tests.LoginTest" name="testDashboardAccessibility" time="3.687"/>
  <testcase classname="com.orangehrm.tests.LoginTest" name="testValidLogin" time="3.374"/>
  <testcase classname="com.orangehrm.tests.LoginTest" name="testInvalidLogin" time="0.0">
    <ignored/>
  </testcase> <!-- testInvalidLogin -->
  <testcase classname="com.orangehrm.tests.LoginTest" name="testForgetPasswordLinkDisplay" time="0.0">
    <ignored/>
  </testcase> <!-- testForgetPasswordLinkDisplay -->
</testsuite> <!-- Test(failed) -->
