<?xml version="1.0" encoding="UTF-8"?>
<testng-results ignored="2" total="4" passed="2" failed="0" skipped="0">
  <reporter-output>
  </reporter-output>
  <suite started-at="2025-03-13T12:50:47 IST" name="Failed suite [Suite]" finished-at="2025-03-13T12:51:05 IST" duration-ms="17651">
    <groups>
    </groups>
    <test started-at="2025-03-13T12:50:47 IST" name="Test(failed)" finished-at="2025-03-13T12:51:05 IST" duration-ms="17651">
      <class name="com.orangehrm.tests.LoginTest">
        <test-method is-config="true" signature="setUp()[pri:0, instance:com.orangehrm.tests.LoginTest@776aec5c]" started-at="2025-03-13T12:50:47 IST" name="setUp" finished-at="2025-03-13T12:50:53 IST" duration-ms="5922" status="PASS">
          <reporter-output>
          </reporter-output>
        </test-method> <!-- setUp -->
        <test-method signature="testDashboardAccessibility()[pri:0, instance:com.orangehrm.tests.LoginTest@776aec5c]" started-at="2025-03-13T12:50:53 IST" name="testDashboardAccessibility" finished-at="2025-03-13T12:50:57 IST" duration-ms="3687" status="PASS">
          <reporter-output>
          </reporter-output>
        </test-method> <!-- testDashboardAccessibility -->
        <test-method is-config="true" signature="tearDown()[pri:0, instance:com.orangehrm.tests.LoginTest@776aec5c]" started-at="2025-03-13T12:50:57 IST" name="tearDown" finished-at="2025-03-13T12:50:57 IST" duration-ms="469" status="PASS">
          <reporter-output>
          </reporter-output>
        </test-method> <!-- tearDown -->
        <test-method is-config="true" signature="setUp()[pri:0, instance:com.orangehrm.tests.LoginTest@776aec5c]" started-at="2025-03-13T12:50:57 IST" name="setUp" finished-at="2025-03-13T12:51:01 IST" duration-ms="3432" status="PASS">
          <reporter-output>
          </reporter-output>
        </test-method> <!-- setUp -->
        <test-method signature="testValidLogin()[pri:0, instance:com.orangehrm.tests.LoginTest@776aec5c]" started-at="2025-03-13T12:51:01 IST" name="testValidLogin" finished-at="2025-03-13T12:51:04 IST" duration-ms="3374" status="PASS">
          <reporter-output>
          </reporter-output>
        </test-method> <!-- testValidLogin -->
        <test-method is-config="true" signature="tearDown()[pri:0, instance:com.orangehrm.tests.LoginTest@776aec5c]" started-at="2025-03-13T12:51:04 IST" name="tearDown" finished-at="2025-03-13T12:51:05 IST" duration-ms="277" status="PASS">
          <reporter-output>
          </reporter-output>
        </test-method> <!-- tearDown -->
      </class> <!-- com.orangehrm.tests.LoginTest -->
    </test> <!-- Test(failed) -->
  </suite> <!-- Failed suite [Suite] -->
</testng-results>
